<?xml version="1.0" encoding="UTF-8"?>
<testsuite name="test.MyTest" tests="1" skipped="0" failures="0" errors="0" timestamp="2023-08-18T19:18:01" hostname="DESKTOP-PM27PEQ" time="1.917">
  <properties/>
  <testcase name="test2()" classname="test.MyTest" time="1.917"/>
  <system-out><![CDATA[Hibernate: insert into Sight (kr_address1, kr_address2, kr_zipcode, eng_address1, eng_address2, eng_zipcode, name, id) values (?, ?, ?, ?, ?, ?, ?, ?)
Hibernate: insert into sight_detail (facilities, holidays, hours_op, sight_id) values (?, ?, ?, ?)
]]></system-out>
  <system-err><![CDATA[8월 19, 2023 4:18:02 오전 org.hibernate.jpa.internal.util.LogHelper logPersistenceUnitInformation
INFO: HHH000204: Processing PersistenceUnitInfo [
	name: jpastart
	...]
8월 19, 2023 4:18:02 오전 org.hibernate.Version logVersion
INFO: HHH000412: Hibernate Core {5.2.6.Final}
8월 19, 2023 4:18:02 오전 org.hibernate.cfg.Environment <clinit>
INFO: HHH000206: hibernate.properties not found
8월 19, 2023 4:18:02 오전 org.hibernate.annotations.common.reflection.java.JavaReflectionManager <clinit>
INFO: HCANN000001: Hibernate Commons Annotations {5.0.1.Final}
8월 19, 2023 4:18:02 오전 org.hibernate.c3p0.internal.C3P0ConnectionProvider configure
INFO: HHH010002: C3P0 using driver: com.mysql.cj.jdbc.Driver at URL: jdbc:mysql://localhost:3306/jpastart?useSSL=false&allowPublicKeyRetrieval=true&characterEncoding=utf8
8월 19, 2023 4:18:02 오전 org.hibernate.c3p0.internal.C3P0ConnectionProvider configure
INFO: HHH10001001: Connection properties: {user=sunghoon, password=****}
8월 19, 2023 4:18:02 오전 org.hibernate.c3p0.internal.C3P0ConnectionProvider configure
INFO: HHH10001003: Autocommit mode: false
8월 19, 2023 4:18:02 오전 com.mchange.v2.log.MLog 
정보: MLog clients using java 1.4+ standard logging.
8월 19, 2023 4:18:02 오전 com.mchange.v2.c3p0.C3P0Registry 
정보: Initializing c3p0-0.9.5.2 [built 08-December-2015 22:06:04 -0800; debug? true; trace: 10]
8월 19, 2023 4:18:02 오전 org.hibernate.c3p0.internal.C3P0ConnectionProvider configure
INFO: HHH10001007: JDBC isolation level: <unknown>
8월 19, 2023 4:18:02 오전 com.mchange.v2.c3p0.impl.AbstractPoolBackedDataSource 
정보: Initializing c3p0 pool... com.mchange.v2.c3p0.PoolBackedDataSource@a687712f [ connectionPoolDataSource -> com.mchange.v2.c3p0.WrapperConnectionPoolDataSource@4cc432e2 [ acquireIncrement -> 3, acquireRetryAttempts -> 30, acquireRetryDelay -> 1000, autoCommitOnClose -> false, automaticTestTable -> null, breakAfterAcquireFailure -> false, checkoutTimeout -> 0, connectionCustomizerClassName -> null, connectionTesterClassName -> com.mchange.v2.c3p0.impl.DefaultConnectionTester, contextClassLoaderSource -> caller, debugUnreturnedConnectionStackTraces -> false, factoryClassLocation -> null, forceIgnoreUnresolvedTransactions -> false, forceSynchronousCheckins -> false, identityToken -> 1hgegoxay2spuqz1cjs4l5|62010f5c, idleConnectionTestPeriod -> 2000, initialPoolSize -> 5, maxAdministrativeTaskTime -> 0, maxConnectionAge -> 0, maxIdleTime -> 500, maxIdleTimeExcessConnections -> 0, maxPoolSize -> 20, maxStatements -> 0, maxStatementsPerConnection -> 0, minPoolSize -> 5, nestedDataSource -> com.mchange.v2.c3p0.DriverManagerDataSource@2e201616 [ description -> null, driverClass -> null, factoryClassLocation -> null, forceUseNamedDriverClass -> false, identityToken -> 1hgegoxay2spuqz1cjs4l5|d278d2b, jdbcUrl -> jdbc:mysql://localhost:3306/jpastart?useSSL=false&allowPublicKeyRetrieval=true&characterEncoding=utf8, properties -> {user=******, password=******} ], preferredTestQuery -> null, privilegeSpawnedThreads -> false, propertyCycle -> 0, statementCacheNumDeferredCloseThreads -> 0, testConnectionOnCheckin -> false, testConnectionOnCheckout -> false, unreturnedConnectionTimeout -> 0, usesTraditionalReflectiveProxies -> false; userOverrides: {} ], dataSourceName -> null, extensions -> {}, factoryClassLocation -> null, identityToken -> 1hgegoxay2spuqz1cjs4l5|492691d7, numHelperThreads -> 3 ]
8월 19, 2023 4:18:02 오전 org.hibernate.dialect.Dialect <init>
INFO: HHH000400: Using dialect: org.hibernate.dialect.MySQL5InnoDBDialect
]]></system-err>
</testsuite>
