<?xml version="1.0" encoding="UTF-8"?>
<testsuite name="test.MyTest" tests="1" skipped="0" failures="0" errors="0" timestamp="2023-08-19T07:48:17" hostname="DESKTOP-PM27PEQ" time="1.952">
  <properties/>
  <testcase name="test3()" classname="test.MyTest" time="1.952"/>
  <system-out><![CDATA[Hibernate: select user0_.email as email1_4_0_, user0_.create_date as create_d2_4_0_, user0_.name as name3_4_0_ from user user0_ where user0_.email=?
Hibernate: select user0_.email as email1_4_0_, user0_.create_date as create_d2_4_0_, user0_.name as name3_4_0_ from user user0_ where user0_.email=?
mmmmm
false
Hibernate: insert into user (create_date, name, email) values (?, ?, ?)
Hibernate: delete from user where email=?
]]></system-out>
  <system-err><![CDATA[8월 19, 2023 4:48:18 오후 org.hibernate.jpa.internal.util.LogHelper logPersistenceUnitInformation
INFO: HHH000204: Processing PersistenceUnitInfo [
	name: jpastart
	...]
8월 19, 2023 4:48:18 오후 org.hibernate.Version logVersion
INFO: HHH000412: Hibernate Core {5.2.6.Final}
8월 19, 2023 4:48:18 오후 org.hibernate.cfg.Environment <clinit>
INFO: HHH000206: hibernate.properties not found
8월 19, 2023 4:48:18 오후 org.hibernate.annotations.common.reflection.java.JavaReflectionManager <clinit>
INFO: HCANN000001: Hibernate Commons Annotations {5.0.1.Final}
8월 19, 2023 4:48:18 오후 org.hibernate.c3p0.internal.C3P0ConnectionProvider configure
INFO: HHH010002: C3P0 using driver: com.mysql.cj.jdbc.Driver at URL: jdbc:mysql://localhost:3306/jpastart?useSSL=false&allowPublicKeyRetrieval=true&characterEncoding=utf8
8월 19, 2023 4:48:18 오후 org.hibernate.c3p0.internal.C3P0ConnectionProvider configure
INFO: HHH10001001: Connection properties: {user=sunghoon, password=****}
8월 19, 2023 4:48:18 오후 org.hibernate.c3p0.internal.C3P0ConnectionProvider configure
INFO: HHH10001003: Autocommit mode: false
8월 19, 2023 4:48:18 오후 com.mchange.v2.log.MLog 
정보: MLog clients using java 1.4+ standard logging.
8월 19, 2023 4:48:18 오후 com.mchange.v2.c3p0.C3P0Registry 
정보: Initializing c3p0-0.9.5.2 [built 08-December-2015 22:06:04 -0800; debug? true; trace: 10]
8월 19, 2023 4:48:18 오후 org.hibernate.c3p0.internal.C3P0ConnectionProvider configure
INFO: HHH10001007: JDBC isolation level: <unknown>
8월 19, 2023 4:48:18 오후 com.mchange.v2.c3p0.impl.AbstractPoolBackedDataSource 
정보: Initializing c3p0 pool... com.mchange.v2.c3p0.PoolBackedDataSource@af914d [ connectionPoolDataSource -> com.mchange.v2.c3p0.WrapperConnectionPoolDataSource@bf8f2aaa [ acquireIncrement -> 3, acquireRetryAttempts -> 30, acquireRetryDelay -> 1000, autoCommitOnClose -> false, automaticTestTable -> null, breakAfterAcquireFailure -> false, checkoutTimeout -> 0, connectionCustomizerClassName -> null, connectionTesterClassName -> com.mchange.v2.c3p0.impl.DefaultConnectionTester, contextClassLoaderSource -> caller, debugUnreturnedConnectionStackTraces -> false, factoryClassLocation -> null, forceIgnoreUnresolvedTransactions -> false, forceSynchronousCheckins -> false, identityToken -> 1hgegoxay3jipae17pwtk4|51fadaff, idleConnectionTestPeriod -> 2000, initialPoolSize -> 5, maxAdministrativeTaskTime -> 0, maxConnectionAge -> 0, maxIdleTime -> 500, maxIdleTimeExcessConnections -> 0, maxPoolSize -> 20, maxStatements -> 0, maxStatementsPerConnection -> 0, minPoolSize -> 5, nestedDataSource -> com.mchange.v2.c3p0.DriverManagerDataSource@bf375c44 [ description -> null, driverClass -> null, factoryClassLocation -> null, forceUseNamedDriverClass -> false, identityToken -> 1hgegoxay3jipae17pwtk4|2d6c53fc, jdbcUrl -> jdbc:mysql://localhost:3306/jpastart?useSSL=false&allowPublicKeyRetrieval=true&characterEncoding=utf8, properties -> {user=******, password=******} ], preferredTestQuery -> null, privilegeSpawnedThreads -> false, propertyCycle -> 0, statementCacheNumDeferredCloseThreads -> 0, testConnectionOnCheckin -> false, testConnectionOnCheckout -> false, unreturnedConnectionTimeout -> 0, usesTraditionalReflectiveProxies -> false; userOverrides: {} ], dataSourceName -> null, extensions -> {}, factoryClassLocation -> null, identityToken -> 1hgegoxay3jipae17pwtk4|27216cd, numHelperThreads -> 3 ]
8월 19, 2023 4:48:18 오후 org.hibernate.dialect.Dialect <init>
INFO: HHH000400: Using dialect: org.hibernate.dialect.MySQL5InnoDBDialect
]]></system-err>
</testsuite>
